<?xml version="1.0" encoding="UTF-8"?>
<!-- Generated by org.testng.reporters.JUnitReportReporter -->
<testsuite hostname="DESKTOP-38D239J" failures="0" tests="1" name="assignment.Facebook" time="14.456" errors="0" timestamp="2022-05-06T07:17:49 IST" skipped="0">
  <testcase classname="assignment.Facebook" name="CanUserPostStatusOnFacebookHome" time="14.456"/>
  <system-out/>
</testsuite> <!-- assignment.Facebook -->
