<?xml version="1.0" encoding="UTF-8"?>
<!-- Generated by org.testng.reporters.JUnitReportReporter -->
<testsuite hostname="DESKTOP-38D239J" failures="0" tests="1" name="assignment.WalletHubTest" time="7.266" errors="0" timestamp="2022-05-13T08:08:05 IST" skipped="0">
  <testcase classname="assignment.WalletHubTest" name="WalletTest" time="7.266"/>
  <system-out/>
</testsuite> <!-- assignment.WalletHubTest -->
